{"numTotalTestSuites":6,"numPassedTestSuites":6,"numFailedTestSuites":0,"numPendingTestSuites":0,"numTotalTests":16,"numPassedTests":16,"numFailedTests":0,"numPendingTests":0,"numTodoTests":0,"snapshot":{"added":0,"failure":false,"filesAdded":0,"filesRemoved":0,"filesRemovedList":[],"filesUnmatched":0,"filesUpdated":0,"matched":0,"total":0,"unchecked":0,"uncheckedKeysByFile":[],"unmatched":0,"updated":0,"didUpdate":false},"startTime":1757206544752,"success":true,"testResults":[{"assertionResults":[{"ancestorTitles":["useAppStore - core actions"],"fullName":"useAppStore - core actions sets user and resets state on sign-out","status":"passed","title":"sets user and resets state on sign-out","duration":3.0993949999999586,"failureMessages":[],"meta":{}},{"ancestorTitles":["useAppStore - core actions"],"fullName":"useAppStore - core actions updates settings and affects generated schedule output","status":"passed","title":"updates settings and affects generated schedule output","duration":1.2686650000000554,"failureMessages":[],"meta":{}},{"ancestorTitles":["useAppStore - core actions"],"fullName":"useAppStore - core actions toggleComplete creates and undoes a completed instance locally","status":"passed","title":"toggleComplete creates and undoes a completed instance locally","duration":1.0781359999999722,"failureMessages":[],"meta":{}}],"startTime":1757206545411,"endTime":1757206545416.0781,"status":"passed","message":"","name":"/home/jjb_desktop_unix/daily_ai_v2/src/store/useAppStore.test.ts"},{"assertionResults":[{"ancestorTitles":["Recurrence (pure)"],"fullName":"Recurrence (pure) daily: every day","status":"passed","title":"daily: every day","duration":2.0551719999999705,"failureMessages":[],"meta":{}},{"ancestorTitles":["Recurrence (pure)"],"fullName":"Recurrence (pure) daily: every 2 days from startDate","status":"passed","title":"daily: every 2 days from startDate","duration":0.3954949999999826,"failureMessages":[],"meta":{}},{"ancestorTitles":["Recurrence (pure)"],"fullName":"Recurrence (pure) weekly: selected days","status":"passed","title":"weekly: selected days","duration":0.3136180000000195,"failureMessages":[],"meta":{}},{"ancestorTitles":["Recurrence (pure)"],"fullName":"Recurrence (pure) monthly: specific day of month","status":"passed","title":"monthly: specific day of month","duration":0.2205380000000332,"failureMessages":[],"meta":{}},{"ancestorTitles":["Recurrence (pure)"],"fullName":"Recurrence (pure) monthly: last day of month","status":"passed","title":"monthly: last day of month","duration":0.2634329999999636,"failureMessages":[],"meta":{}},{"ancestorTitles":["Recurrence (pure)"],"fullName":"Recurrence (pure) yearly: month + day","status":"passed","title":"yearly: month + day","duration":0.2038000000000011,"failureMessages":[],"meta":{}},{"ancestorTitles":["Recurrence (pure)"],"fullName":"Recurrence (pure) date range limits","status":"passed","title":"date range limits","duration":0.209953999999982,"failureMessages":[],"meta":{}},{"ancestorTitles":["Recurrence (pure)"],"fullName":"Recurrence (pure) next occurrence returns a future date","status":"passed","title":"next occurrence returns a future date","duration":0.5195260000000417,"failureMessages":[],"meta":{}},{"ancestorTitles":["Recurrence (pure)"],"fullName":"Recurrence (pure) expand pattern returns string dates","status":"passed","title":"expand pattern returns string dates","duration":0.4697980000000257,"failureMessages":[],"meta":{}}],"startTime":1757206545198,"endTime":1757206545202.4697,"status":"passed","message":"","name":"/home/jjb_desktop_unix/daily_ai_v2/src/lib/domain/scheduling/Recurrence.test.ts"},{"assertionResults":[{"ancestorTitles":["SchedulingEngine (pure)"],"fullName":"SchedulingEngine (pure) Dependency Chain: Laundry -> Iron -> Pack across windows","status":"passed","title":"Dependency Chain: Laundry -> Iron -> Pack across windows","duration":3.6409209999999916,"failureMessages":[],"meta":{}},{"ancestorTitles":["SchedulingEngine (pure)"],"fullName":"SchedulingEngine (pure) Crunch Time: choose min duration before upcoming anchor","status":"passed","title":"Crunch Time: choose min duration before upcoming anchor","duration":0.48153800000000047,"failureMessages":[],"meta":{}},{"ancestorTitles":["SchedulingEngine (pure)"],"fullName":"SchedulingEngine (pure) Impossible Day: mandatory > awake window","status":"passed","title":"Impossible Day: mandatory > awake window","duration":0.21941299999997455,"failureMessages":[],"meta":{}},{"ancestorTitles":["SchedulingEngine (pure)"],"fullName":"SchedulingEngine (pure) Flexible Reschedule: move flexible after new anchor conflict","status":"passed","title":"Flexible Reschedule: move flexible after new anchor conflict","duration":0.43138399999998,"failureMessages":[],"meta":{}}],"startTime":1757206545206,"endTime":1757206545210.4814,"status":"passed","message":"","name":"/home/jjb_desktop_unix/daily_ai_v2/src/lib/domain/scheduling/SchedulingEngine.test.ts"}]}